<?xml version="1.0" encoding="UTF-8"?>
<testsuite name="org.jivesoftware.smack.sasl.core.SCRAMSHA1MechanismTest" tests="1" skipped="0" failures="0" errors="0" timestamp="2016-08-29T14:59:51" hostname="paridhika-Satellite-C55-C" time="0.429">
  <properties/>
  <testcase name="testScramSha1Mechanism" classname="org.jivesoftware.smack.sasl.core.SCRAMSHA1MechanismTest" time="0.429"/>
  <system-out><![CDATA[]]></system-out>
  <system-err><![CDATA[]]></system-err>
</testsuite>
