<?xml version="1.0" encoding="UTF-8"?>
<testsuite name="org.jivesoftware.smack.packet.ToStringTest" tests="3" skipped="0" failures="0" errors="0" timestamp="2016-08-29T14:59:51" hostname="paridhika-Satellite-C55-C" time="0.001">
  <properties/>
  <testcase name="iqTest" classname="org.jivesoftware.smack.packet.ToStringTest" time="0.0"/>
  <testcase name="messageTest" classname="org.jivesoftware.smack.packet.ToStringTest" time="0.001"/>
  <testcase name="presenceTest" classname="org.jivesoftware.smack.packet.ToStringTest" time="0.0"/>
  <system-out><![CDATA[]]></system-out>
  <system-err><![CDATA[]]></system-err>
</testsuite>
