<?xml version="1.0" encoding="UTF-8"?>
<testsuite name="org.jivesoftware.smack.SmackConfigurationTest" tests="3" skipped="2" failures="0" errors="0" timestamp="2016-08-29T14:59:51" hostname="paridhika-Satellite-C55-C" time="0.002">
  <properties/>
  <testcase name="testSmackConfiguration" classname="org.jivesoftware.smack.SmackConfigurationTest" time="0.0"/>
  <testcase name="smackConfigurationShouldNotCauseInitializationTest" classname="org.jivesoftware.smack.SmackConfigurationTest" time="0.0">
    <skipped/>
  </testcase>
  <testcase name="smackconfigurationVersionShouldInitialzieSmacktTest" classname="org.jivesoftware.smack.SmackConfigurationTest" time="0.0">
    <skipped/>
  </testcase>
  <system-out><![CDATA[]]></system-out>
  <system-err><![CDATA[]]></system-err>
</testsuite>
