<?xml version="1.0" encoding="UTF-8"?>
<testsuite name="org.jivesoftware.smack.filter.FilterToStringTest" tests="1" skipped="0" failures="0" errors="0" timestamp="2016-08-29T14:59:58" hostname="paridhika-Satellite-C55-C" time="0.005">
  <properties/>
  <testcase name="abstractListFilterToStringTest" classname="org.jivesoftware.smack.filter.FilterToStringTest" time="0.005"/>
  <system-out><![CDATA[]]></system-out>
  <system-err><![CDATA[]]></system-err>
</testsuite>
