<?xml version="1.0" encoding="UTF-8"?>
<testsuite name="org.jivesoftware.smack.packet.StreamErrorTest" tests="3" skipped="0" failures="0" errors="0" timestamp="2016-08-29T14:59:51" hostname="paridhika-Satellite-C55-C" time="0.007">
  <properties/>
  <testcase name="testParsingOfSimpleStreamError" classname="org.jivesoftware.smack.packet.StreamErrorTest" time="0.003"/>
  <testcase name="testParsingOfStreamErrorWithTextAndOptionalElement" classname="org.jivesoftware.smack.packet.StreamErrorTest" time="0.002"/>
  <testcase name="testParsingOfStreamErrorWithText" classname="org.jivesoftware.smack.packet.StreamErrorTest" time="0.001"/>
  <system-out><![CDATA[]]></system-out>
  <system-err><![CDATA[]]></system-err>
</testsuite>
