<?xml version="1.0" encoding="UTF-8"?>
<testsuite name="org.jivesoftware.smack.packet.IQResponseTest" tests="4" skipped="0" failures="0" errors="0" timestamp="2016-08-29T14:59:51" hostname="paridhika-Satellite-C55-C" time="0.011">
  <properties/>
  <testcase name="testGeneratingSimpleResponse" classname="org.jivesoftware.smack.packet.IQResponseTest" time="0.0"/>
  <testcase name="testGeneratingValidErrorResponse" classname="org.jivesoftware.smack.packet.IQResponseTest" time="0.008"/>
  <testcase name="testGeneratingErrorBasedOnError" classname="org.jivesoftware.smack.packet.IQResponseTest" time="0.001"/>
  <testcase name="testGeneratingResponseBasedOnResult" classname="org.jivesoftware.smack.packet.IQResponseTest" time="0.001"/>
  <system-out><![CDATA[]]></system-out>
  <system-err><![CDATA[]]></system-err>
</testsuite>
