<?xml version="1.0" encoding="UTF-8"?>
<testsuite name="org.jivesoftware.smack.parsing.ParsingExceptionTest" tests="1" skipped="0" failures="0" errors="0" timestamp="2016-08-29T14:59:51" hostname="paridhika-Satellite-C55-C" time="0.015">
  <properties/>
  <testcase name="consumeUnparsedInput" classname="org.jivesoftware.smack.parsing.ParsingExceptionTest" time="0.015"/>
  <system-out><![CDATA[]]></system-out>
  <system-err><![CDATA[]]></system-err>
</testsuite>
