<?xml version="1.0" encoding="UTF-8"?>
<testsuite name="org.jivesoftware.smack.util.StringUtilsTest" tests="3" skipped="0" failures="0" errors="0" timestamp="2016-08-29T14:59:51" hostname="paridhika-Satellite-C55-C" time="0.002">
  <properties/>
  <testcase name="testEncodeHex" classname="org.jivesoftware.smack.util.StringUtilsTest" time="0.001"/>
  <testcase name="testEscapeForXml" classname="org.jivesoftware.smack.util.StringUtilsTest" time="0.0"/>
  <testcase name="testRandomString" classname="org.jivesoftware.smack.util.StringUtilsTest" time="0.001"/>
  <system-out><![CDATA[]]></system-out>
  <system-err><![CDATA[]]></system-err>
</testsuite>
