<?xml version="1.0" encoding="UTF-8"?>
<testsuite name="org.jivesoftware.smack.roster.RosterVersioningTest" tests="3" skipped="0" failures="0" errors="0" timestamp="2016-08-29T15:00:54" hostname="paridhika-Satellite-C55-C" time="0.11">
  <properties/>
  <testcase name="testEqualVersionStored" classname="org.jivesoftware.smack.roster.RosterVersioningTest" time="0.05"/>
  <testcase name="testRosterVersioningWithCachedRosterAndPushes" classname="org.jivesoftware.smack.roster.RosterVersioningTest" time="0.04"/>
  <testcase name="testOtherVersionStored" classname="org.jivesoftware.smack.roster.RosterVersioningTest" time="0.01"/>
  <system-out><![CDATA[]]></system-out>
  <system-err><![CDATA[]]></system-err>
</testsuite>
