<?xml version="1.0" encoding="UTF-8"?>
<testsuite name="org.jivesoftware.smack.roster.rosterstore.DirectoryRosterStoreTest" tests="3" skipped="0" failures="0" errors="0" timestamp="2016-08-29T15:00:54" hostname="paridhika-Satellite-C55-C" time="0.02">
  <properties/>
  <testcase name="testStoreAddRemove" classname="org.jivesoftware.smack.roster.rosterstore.DirectoryRosterStoreTest" time="0.018"/>
  <testcase name="testStoreUninitialized" classname="org.jivesoftware.smack.roster.rosterstore.DirectoryRosterStoreTest" time="0.001"/>
  <testcase name="testStoreInitializedEmpty" classname="org.jivesoftware.smack.roster.rosterstore.DirectoryRosterStoreTest" time="0.001"/>
  <system-out><![CDATA[]]></system-out>
  <system-err><![CDATA[]]></system-err>
</testsuite>
