<?xml version="1.0" encoding="UTF-8"?>
<testsuite name="org.jivesoftware.smack.roster.RosterOfflineTest" tests="2" skipped="0" failures="0" errors="0" timestamp="2016-08-29T15:00:54" hostname="paridhika-Satellite-C55-C" time="0.005">
  <properties/>
  <testcase name="shouldThrowExceptionOnReload" classname="org.jivesoftware.smack.roster.RosterOfflineTest" time="0.004"/>
  <testcase name="shouldThrowExceptionRemoveEntry" classname="org.jivesoftware.smack.roster.RosterOfflineTest" time="0.001"/>
  <system-out><![CDATA[]]></system-out>
  <system-err><![CDATA[]]></system-err>
</testsuite>
