<?xml version="1.0" encoding="UTF-8"?>
<testsuite name="org.jivesoftware.smack.sm.provider.ParseStreamManagementTest" tests="6" skipped="0" failures="0" errors="0" timestamp="2016-08-29T15:00:15" hostname="paridhika-Satellite-C55-C" time="0.116">
  <properties/>
  <testcase name="testParseFailed" classname="org.jivesoftware.smack.sm.provider.ParseStreamManagementTest" time="0.09"/>
  <testcase name="testParseEnabledInvariant" classname="org.jivesoftware.smack.sm.provider.ParseStreamManagementTest" time="0.002"/>
  <testcase name="testParseFailedError" classname="org.jivesoftware.smack.sm.provider.ParseStreamManagementTest" time="0.008"/>
  <testcase name="testParseAckAnswer" classname="org.jivesoftware.smack.sm.provider.ParseStreamManagementTest" time="0.005"/>
  <testcase name="testParseResumed" classname="org.jivesoftware.smack.sm.provider.ParseStreamManagementTest" time="0.003"/>
  <testcase name="testParseEnabled" classname="org.jivesoftware.smack.sm.provider.ParseStreamManagementTest" time="0.002"/>
  <system-out><![CDATA[]]></system-out>
  <system-err><![CDATA[]]></system-err>
</testsuite>
