<?xml version="1.0" encoding="UTF-8"?>
<testsuite name="org.jivesoftware.smack.tcp.PacketWriterTest" tests="1" skipped="0" failures="0" errors="0" timestamp="2016-08-29T15:00:15" hostname="paridhika-Satellite-C55-C" time="0.401">
  <properties/>
  <testcase name="shouldBlockAndUnblockTest" classname="org.jivesoftware.smack.tcp.PacketWriterTest" time="0.401"/>
  <system-out><![CDATA[]]></system-out>
  <system-err><![CDATA[]]></system-err>
</testsuite>
