<?xml version="1.0" encoding="UTF-8"?>
<testsuite name="org.jivesoftware.smack.tcp.TcpInitializerTest" tests="1" skipped="0" failures="0" errors="0" timestamp="2016-08-29T15:00:15" hostname="paridhika-Satellite-C55-C" time="0.131">
  <properties/>
  <testcase name="testExtensionInitializer" classname="org.jivesoftware.smack.tcp.TcpInitializerTest" time="0.131"/>
  <system-out><![CDATA[]]></system-out>
  <system-err><![CDATA[]]></system-err>
</testsuite>
